<?xml version="1.0" encoding="UTF-8"?>
<testsuite name="com.fishit.player.pipeline.xtream.repository.XtreamLiveRepositoryStubTest" tests="8" skipped="0" failures="0" errors="0" timestamp="2025-12-06T10:50:15.204Z" hostname="runnervmoqczp" time="0.013">
  <properties/>
  <testcase name="getEpgAtTime returns empty map" classname="com.fishit.player.pipeline.xtream.repository.XtreamLiveRepositoryStubTest" time="0.002"/>
  <testcase name="getCurrentAndNextEpg returns empty list" classname="com.fishit.player.pipeline.xtream.repository.XtreamLiveRepositoryStubTest" time="0.002"/>
  <testcase name="multiple calls return consistent empty results" classname="com.fishit.player.pipeline.xtream.repository.XtreamLiveRepositoryStubTest" time="0.002"/>
  <testcase name="searchChannels returns empty list" classname="com.fishit.player.pipeline.xtream.repository.XtreamLiveRepositoryStubTest" time="0.002"/>
  <testcase name="getChannelById returns null" classname="com.fishit.player.pipeline.xtream.repository.XtreamLiveRepositoryStubTest" time="0.001"/>
  <testcase name="getChannels returns empty list" classname="com.fishit.player.pipeline.xtream.repository.XtreamLiveRepositoryStubTest" time="0.001"/>
  <testcase name="getChannels with categoryId returns empty list" classname="com.fishit.player.pipeline.xtream.repository.XtreamLiveRepositoryStubTest" time="0.001"/>
  <testcase name="getEpgByTimeRange returns empty list" classname="com.fishit.player.pipeline.xtream.repository.XtreamLiveRepositoryStubTest" time="0.001"/>
  <system-out><![CDATA[]]></system-out>
  <system-err><![CDATA[]]></system-err>
</testsuite>
