<?xml version="1.0" encoding="UTF-8"?>
<testsuite name="com.fishit.player.pipeline.xtream.repository.XtreamCatalogRepositoryStubTest" tests="12" skipped="0" failures="0" errors="0" timestamp="2025-12-06T10:50:15.082Z" hostname="runnervmoqczp" time="0.119">
  <properties/>
  <testcase name="getVodItems returns empty list" classname="com.fishit.player.pipeline.xtream.repository.XtreamCatalogRepositoryStubTest" time="0.1"/>
  <testcase name="getSeriesById returns null" classname="com.fishit.player.pipeline.xtream.repository.XtreamCatalogRepositoryStubTest" time="0.002"/>
  <testcase name="getVodById returns null" classname="com.fishit.player.pipeline.xtream.repository.XtreamCatalogRepositoryStubTest" time="0.001"/>
  <testcase name="multiple calls return consistent empty results" classname="com.fishit.player.pipeline.xtream.repository.XtreamCatalogRepositoryStubTest" time="0.001"/>
  <testcase name="getSeries with categoryId returns empty list" classname="com.fishit.player.pipeline.xtream.repository.XtreamCatalogRepositoryStubTest" time="0.002"/>
  <testcase name="getSeries returns empty list" classname="com.fishit.player.pipeline.xtream.repository.XtreamCatalogRepositoryStubTest" time="0.001"/>
  <testcase name="getEpisode returns null" classname="com.fishit.player.pipeline.xtream.repository.XtreamCatalogRepositoryStubTest" time="0.001"/>
  <testcase name="searchVodItems returns empty list" classname="com.fishit.player.pipeline.xtream.repository.XtreamCatalogRepositoryStubTest" time="0.001"/>
  <testcase name="searchSeries returns empty list" classname="com.fishit.player.pipeline.xtream.repository.XtreamCatalogRepositoryStubTest" time="0.002"/>
  <testcase name="getEpisodes returns empty list" classname="com.fishit.player.pipeline.xtream.repository.XtreamCatalogRepositoryStubTest" time="0.002"/>
  <testcase name="getEpisodesBySeason returns empty list" classname="com.fishit.player.pipeline.xtream.repository.XtreamCatalogRepositoryStubTest" time="0.002"/>
  <testcase name="getVodItems with categoryId returns empty list" classname="com.fishit.player.pipeline.xtream.repository.XtreamCatalogRepositoryStubTest" time="0.001"/>
  <system-out><![CDATA[]]></system-out>
  <system-err><![CDATA[]]></system-err>
</testsuite>
