<?xml version="1.0" encoding="UTF-8"?>
<testsuite name="com.fishit.player.pipeline.xtream.ext.XtreamExtensionsTest" tests="4" skipped="0" failures="0" errors="0" timestamp="2025-12-06T10:50:15.869Z" hostname="runnervmoqczp" time="0.01">
  <properties/>
  <testcase name="XtreamEpisode toPlaybackContext creates valid SERIES context" classname="com.fishit.player.pipeline.xtream.ext.XtreamExtensionsTest" time="0.007"/>
  <testcase name="toPlaybackContext handles null optional fields gracefully" classname="com.fishit.player.pipeline.xtream.ext.XtreamExtensionsTest" time="0.001"/>
  <testcase name="XtreamVodItem toPlaybackContext creates valid VOD context" classname="com.fishit.player.pipeline.xtream.ext.XtreamExtensionsTest" time="0.0"/>
  <testcase name="XtreamChannel toPlaybackContext creates valid LIVE context" classname="com.fishit.player.pipeline.xtream.ext.XtreamExtensionsTest" time="0.001"/>
  <system-out><![CDATA[]]></system-out>
  <system-err><![CDATA[]]></system-err>
</testsuite>
