<?xml version="1.0" encoding="UTF-8"?>
<testsuite name="com.fishit.player.pipeline.audiobook.StubAudiobookRepositoryTest" tests="6" skipped="0" failures="0" errors="0" timestamp="2025-12-06T10:49:26.943Z" hostname="runnervmoqczp" time="0.022">
  <properties/>
  <testcase name="getChaptersForAudiobook returns empty list" classname="com.fishit.player.pipeline.audiobook.StubAudiobookRepositoryTest" time="0.004"/>
  <testcase name="searchAudiobooks returns empty list" classname="com.fishit.player.pipeline.audiobook.StubAudiobookRepositoryTest" time="0.006"/>
  <testcase name="searchAudiobooks with empty query returns empty list" classname="com.fishit.player.pipeline.audiobook.StubAudiobookRepositoryTest" time="0.002"/>
  <testcase name="getAllAudiobooks returns empty list" classname="com.fishit.player.pipeline.audiobook.StubAudiobookRepositoryTest" time="0.004"/>
  <testcase name="getAudiobookById returns null" classname="com.fishit.player.pipeline.audiobook.StubAudiobookRepositoryTest" time="0.002"/>
  <testcase name="multiple calls return consistent empty results" classname="com.fishit.player.pipeline.audiobook.StubAudiobookRepositoryTest" time="0.004"/>
  <system-out><![CDATA[]]></system-out>
  <system-err><![CDATA[]]></system-err>
</testsuite>
