<?xml version="1.0" encoding="UTF-8"?>
<testsuite name="com.fishit.player.pipeline.audiobook.StubAudiobookPlaybackSourceFactoryTest" tests="3" skipped="0" failures="0" errors="0" timestamp="2025-12-06T10:49:28.054Z" hostname="runnervmoqczp" time="0.092">
  <properties/>
  <testcase name="createPlaybackContext returns null" classname="com.fishit.player.pipeline.audiobook.StubAudiobookPlaybackSourceFactoryTest" time="0.086"/>
  <testcase name="createPlaybackContext with start chapter returns null" classname="com.fishit.player.pipeline.audiobook.StubAudiobookPlaybackSourceFactoryTest" time="0.001"/>
  <testcase name="createPlaybackContextForChapter returns null" classname="com.fishit.player.pipeline.audiobook.StubAudiobookPlaybackSourceFactoryTest" time="0.003"/>
  <system-out><![CDATA[]]></system-out>
  <system-err><![CDATA[]]></system-err>
</testsuite>
